Log file open, 07/19/17 20:23:29
LogInit:Display: Running engine for game: EscapeRoom
LogPlatformFile: Not using cached read wrapper
LogInit:Display: RandInit(874657388) SRandInit(874657388).
LogTaskGraph: Started task graph with 5 named threads and 8 total threads with 1 sets of task threads.
LogStats: Stats thread started at 0.080114
LogInit: Using libcurl 7.47.1
LogInit:  - built for x86_64-pc-win32
LogInit:  - supports SSL with OpenSSL/1.0.2g
LogInit:  - supports HTTP deflate (compression) using libz 1.2.8
LogInit:  - other features:
LogInit:      CURL_VERSION_SSL
LogInit:      CURL_VERSION_LIBZ
LogInit:      CURL_VERSION_IPV6
LogInit:      CURL_VERSION_ASYNCHDNS
LogInit:      CURL_VERSION_LARGEFILE
LogInit:      CURL_VERSION_IDN
LogInit:  CurlRequestOptions (configurable via config and command line):
LogInit:  - bVerifyPeer = false  - Libcurl will NOT verify peer certificate
LogInit:  - bUseHttpProxy = false  - Libcurl will NOT use HTTP proxy
LogInit:  - bDontReuseConnections = false  - Libcurl will reuse connections
LogInit:  - CertBundlePath = nullptr  - Libcurl will use whatever was configured at build time.
LogInit: Build: ++UE4+Release-4.16-CL-3514769
LogInit: Engine Version: 4.16.2-3514769+++UE4+Release-4.16
LogInit: Compatible Engine Version: 4.16.0-3452394+++UE4+Release-4.16
LogInit: Net CL: 3452394
LogDevObjectVersion: Number of dev versions registered: 16
LogDevObjectVersion:   Dev-Blueprints (B0D832E4-1F89-4F0D-ACCF-7EB736FD4AA2): 9
LogDevObjectVersion:   Dev-Build (E1C64328-A22C-4D53-A36C-8E866417BD8C): 0
LogDevObjectVersion:   Dev-Core (375EC13C-06E4-48FB-B500-84F0262A717E): 2
LogDevObjectVersion:   Dev-Editor (E4B068ED-F494-42E9-A231-DA0B2E46BB41): 17
LogDevObjectVersion:   Dev-Framework (CFFC743F-43B0-4480-9391-14DF171D2073): 23
LogDevObjectVersion:   Dev-Mobile (B02B49B5-BB20-44E9-A304-32B752E40360): 0
LogDevObjectVersion:   Dev-Networking (A4E4105C-59A1-49B5-A7C5-40C4547EDFEE): 0
LogDevObjectVersion:   Dev-Online (39C831C9-5AE6-47DC-9A44-9C173E1C8E7C): 0
LogDevObjectVersion:   Dev-Physics (78F01B33-EBEA-4F98-B9B4-84EACCB95AA2): 0
LogDevObjectVersion:   Dev-Platform (6631380F-2D4D-43E0-8009-CF276956A95A): 0
LogDevObjectVersion:   Dev-Rendering (12F88B9F-8875-4AFC-A67C-D90C383ABD29): 15
LogDevObjectVersion:   Dev-Sequencer (7B5AE74C-D270-4C10-A958-57980B212A5A): 4
LogDevObjectVersion:   Dev-VR (D7296918-1DD6-4BDD-9DE2-64A83CC13884): 0
LogDevObjectVersion:   Dev-LoadTimes (C2A15278-BFE7-4AFE-6C17-90FF531DF755): 1
LogDevObjectVersion:   Private-Geometry (6EACA3D4-40EC-4CC1-B786-8BED09428FC5): 1
LogDevObjectVersion:   Dev-AnimPhys (29E575DD-E0A3-4627-9D10-D276232CDCEA): 3
LogInit: Compiled (64-bit): Jun 29 2017 02:03:24
LogInit: Compiled with Visual C++: 19.00.24215.01
LogInit: Build Configuration: Development
LogInit: Branch Name: ++UE4+Release-4.16
LogInit: Command line:  
LogInit: Base directory: C:/Program Files/Epic Games/UE_4.16/Engine/Binaries/Win64/
LogInit: Installed Engine Build: 1
LogInit: Presizing for max 8388607 objects, including 0 objects not considered by GC, pre-allocating 0 bytes for permanent pool.
LogInit: Object subsystem initialized
[2017.07.19-23.23.29:771][  0]LogInit: Selected Device Profile: [Windows]
[2017.07.19-23.23.29:771][  0]LogInit: Applying CVar settings loaded from the selected device profile: [Windows]
[2017.07.19-23.23.29:779][  0]LogInit: Computer: ADAM-PC
[2017.07.19-23.23.29:779][  0]LogInit: User: Adam
[2017.07.19-23.23.29:779][  0]LogInit: CPU Page size=4096, Cores=4
[2017.07.19-23.23.29:779][  0]LogInit: High frequency timer resolution =3.417967 MHz
[2017.07.19-23.23.29:779][  0]LogMemory: Memory total: Physical=23.9GB (24GB approx)
[2017.07.19-23.23.29:779][  0]LogMemory: Platform Memory Stats for Windows
[2017.07.19-23.23.29:779][  0]LogMemory: Process Physical Memory: 272.52 MB used, 272.52 MB peak
[2017.07.19-23.23.29:779][  0]LogMemory: Process Virtual Memory: 266.68 MB used, 266.68 MB peak
[2017.07.19-23.23.29:779][  0]LogMemory: Physical Memory: 6401.19 MB used,  18117.50 MB free, 24518.68 MB total
[2017.07.19-23.23.29:779][  0]LogMemory: Virtual Memory: 643.25 MB used,  18117.50 MB free, 134217728.00 MB total
[2017.07.19-23.23.29:832][  0]LogInit: Using OS detected language (en-US).
[2017.07.19-23.23.29:832][  0]LogInit: Using OS detected locale (en-CA).
[2017.07.19-23.23.29:834][  0]LogTextLocalizationManager: No specific localization for 'en-US' exists, so the 'en' localization will be used.
[2017.07.19-23.23.30:595][  0]LogD3D11RHI: D3D11 adapters:
[2017.07.19-23.23.31:100][  0]LogD3D11RHI:    0. 'NVIDIA GeForce GTX 1080' (Feature Level 11_0)
[2017.07.19-23.23.31:100][  0]LogD3D11RHI:       8110/0/12259 MB DedicatedVideo/DedicatedSystem/SharedSystem, Outputs:2, VendorId:0x10de
[2017.07.19-23.23.31:101][  0]LogD3D11RHI:    1. 'Microsoft Basic Render Driver' (Feature Level 11_0)
[2017.07.19-23.23.31:101][  0]LogD3D11RHI:       0/0/12259 MB DedicatedVideo/DedicatedSystem/SharedSystem, Outputs:0, VendorId:0x1414
[2017.07.19-23.23.31:101][  0]LogD3D11RHI: Chosen D3D11 Adapter: 0
[2017.07.19-23.23.31:106][  0]LogD3D11RHI: Creating new Direct3DDevice
[2017.07.19-23.23.31:106][  0]LogD3D11RHI:     GPU DeviceId: 0x1b80 (for the marketing name, search the web for "GPU Device Id")
[2017.07.19-23.23.31:106][  0]LogWindows: EnumDisplayDevices:
[2017.07.19-23.23.31:106][  0]LogWindows:    0. 'NVIDIA GeForce GTX 1080' (P:1 D:1)
[2017.07.19-23.23.31:106][  0]LogWindows:    1. 'NVIDIA GeForce GTX 1080' (P:0 D:1)
[2017.07.19-23.23.31:106][  0]LogWindows:    2. 'NVIDIA GeForce GTX 1080' (P:0 D:0)
[2017.07.19-23.23.31:106][  0]LogWindows:    3. 'NVIDIA GeForce GTX 1080' (P:0 D:0)
[2017.07.19-23.23.31:106][  0]LogWindows: DebugString: FoundDriverCount:4 
[2017.07.19-23.23.31:106][  0]LogD3D11RHI:     Adapter Name: NVIDIA GeForce GTX 1080
[2017.07.19-23.23.31:106][  0]LogD3D11RHI:   Driver Version: 382.05 (internal:22.21.13.8205, unified:382.05)
[2017.07.19-23.23.31:106][  0]LogD3D11RHI:      Driver Date: 5-1-2017
[2017.07.19-23.23.31:106][  0]LogRHI: Texture pool is 1361 MB (70% of 1945 MB)
[2017.07.19-23.23.31:574][  0]LogD3D11RHI: Async texture creation enabled
[2017.07.19-23.23.31:603][  0]LogD3D11RHI: GPU Timing Frequency: 1000.000000 (Debug: 2 1)
[2017.07.19-23.23.31:693][  0]LogShaderCompilers: Guid format shader working directory is 9 characters bigger than the processId version (D:/src/Unreal/escape-room/EscapeRoom/Intermediate/Shaders/WorkingDirectory/9148/).
[2017.07.19-23.23.31:694][  0]LogShaderCompilers: Cleaned the shader compiler working directory 'C:/Users/Adam/AppData/Local/Temp/UnrealShaderWorkingDir/025FC72E4349BD1D280BE5BFFEC357C7/'.
[2017.07.19-23.23.31:694][  0]LogShaderCompilers:Display: Using Local Shader Compiler.
[2017.07.19-23.23.32:587][  0]LogTemp:Display: Loaded TP AllDesktopTargetPlatform
[2017.07.19-23.23.32:626][  0]LogTemp:Display: Loaded TP MacClientTargetPlatform
[2017.07.19-23.23.32:665][  0]LogTemp:Display: Loaded TP MacNoEditorTargetPlatform
[2017.07.19-23.23.32:704][  0]LogTemp:Display: Loaded TP MacServerTargetPlatform
[2017.07.19-23.23.32:743][  0]LogTemp:Display: Loaded TP MacTargetPlatform
[2017.07.19-23.23.32:782][  0]LogTemp:Display: Loaded TP WindowsClientTargetPlatform
[2017.07.19-23.23.32:821][  0]LogTemp:Display: Loaded TP WindowsNoEditorTargetPlatform
[2017.07.19-23.23.32:860][  0]LogTemp:Display: Loaded TP WindowsServerTargetPlatform
[2017.07.19-23.23.32:895][  0]LogTemp:Display: Loaded TP WindowsTargetPlatform
[2017.07.19-23.23.32:933][  0]LogTemp:Display: Loaded TP AndroidTargetPlatform
[2017.07.19-23.23.32:971][  0]LogTemp:Display: Loaded TP Android_ASTCTargetPlatform
[2017.07.19-23.23.33:010][  0]LogTemp:Display: Loaded TP Android_ATCTargetPlatform
[2017.07.19-23.23.33:048][  0]LogTemp:Display: Loaded TP Android_DXTTargetPlatform
[2017.07.19-23.23.33:087][  0]LogTemp:Display: Loaded TP Android_ETC1TargetPlatform
[2017.07.19-23.23.33:125][  0]LogTemp:Display: Loaded TP Android_ETC2TargetPlatform
[2017.07.19-23.23.33:201][  0]LogTemp:Display: Loaded TP Android_MultiTargetPlatform
[2017.07.19-23.23.33:201][  0]LogTemp:Display: Loaded TP Android_PVRTCTargetPlatform
[2017.07.19-23.23.33:231][  0]LogTemp:Display: Loaded TP HTML5TargetPlatform
[2017.07.19-23.23.33:308][  0]LogTemp:Display: Loaded TP IOSTargetPlatform
[2017.07.19-23.23.33:332][  0]LogTemp:Display: Loaded TP TVOSTargetPlatform
[2017.07.19-23.23.33:369][  0]LogTemp:Display: Loaded TP LinuxClientTargetPlatform
[2017.07.19-23.23.33:407][  0]LogTemp:Display: Loaded TP LinuxNoEditorTargetPlatform
[2017.07.19-23.23.33:445][  0]LogTemp:Display: Loaded TP LinuxServerTargetPlatform
[2017.07.19-23.23.33:484][  0]LogTemp:Display: Loaded TP LinuxTargetPlatform
[2017.07.19-23.23.33:484][  0]LogTargetPlatformManager:Display: Building Assets For Windows
[2017.07.19-23.23.33:857][  0]LogDerivedDataCache:Display: Max Cache Size: 512 MB
[2017.07.19-23.23.33:936][  0]LogDerivedDataCache: Loaded boot cache 0.08s 90MB C:/Users/Adam/AppData/Local/UnrealEngine/4.16/DerivedDataCache/Boot.ddc.
[2017.07.19-23.23.33:936][  0]LogDerivedDataCache:Display: Loaded Boot cache: C:/Users/Adam/AppData/Local/UnrealEngine/4.16/DerivedDataCache/Boot.ddc
[2017.07.19-23.23.33:936][  0]LogDerivedDataCache: FDerivedDataBackendGraph:  Pak pak cache file D:/src/Unreal/escape-room/EscapeRoom/DerivedDataCache/DDC.ddp not found, will not use a pak cache.
[2017.07.19-23.23.33:936][  0]LogDerivedDataCache: Unable to find inner node Pak for hierarchical cache Hierarchy.
[2017.07.19-23.23.33:936][  0]LogDerivedDataCache: FDerivedDataBackendGraph:  CompressedPak pak cache file D:/src/Unreal/escape-room/EscapeRoom/DerivedDataCache/Compressed.ddp not found, will not use a pak cache.
[2017.07.19-23.23.33:936][  0]LogDerivedDataCache: Unable to find inner node CompressedPak for hierarchical cache Hierarchy.
[2017.07.19-23.23.33:950][  0]LogDerivedDataCache:Display: Pak cache opened for reading ../../../Engine/DerivedDataCache/Compressed.ddp.
[2017.07.19-23.23.33:962][  0]LogDerivedDataCache: Using Local data cache path C:/Users/Adam/AppData/Local/UnrealEngine/Common/DerivedDataCache: Writable
[2017.07.19-23.23.33:970][  0]LogMaterial: Verifying Global Shaders for PCD3D_SM5
[2017.07.19-23.23.33:970][  0]LogSlate: Using Freetype 2.6.0
[2017.07.19-23.23.33:971][  0]LogSlate: SlateFontCache - WITH_FREETYPE: 1, WITH_HARFBUZZ: 1
[2017.07.19-23.23.33:971][  0]LogSlate: SlateFontCache - WITH_FREETYPE: 1, WITH_HARFBUZZ: 1
[2017.07.19-23.23.34:225][  0]LogInit: Selected Device Profile: [Windows]
[2017.07.19-23.23.34:281][  0]LogContentStreaming: Texture pool size is 0.00 MB
[2017.07.19-23.23.34:410][  0]LogMeshUtilities: Using QuadricMeshReduction for automatic static mesh reduction
[2017.07.19-23.23.34:445][  0]LogSimplygon: Simplygon DLL not present - disabling.
[2017.07.19-23.23.34:481][  0]LogMeshUtilities: Using SimplygonSwarm for distributed automatic mesh merging
[2017.07.19-23.23.34:481][  0]LogMeshUtilities: No automatic skeletal mesh reduction module available
[2017.07.19-23.23.34:481][  0]LogMeshUtilities: No automatic mesh merging module available
[2017.07.19-23.23.34:906][  0]LogNetVersion: EscapeRoom , NetCL: 3452394, EngineNetVer: 2, GameNetVer: 0 (Checksum: 47116043)
[2017.07.19-23.23.34:958][  0]LogAssetRegistry: FAssetRegistry took 0.0246 seconds to start up
[2017.07.19-23.23.34:998][  0]LogPackageLocalizationCache: Processed 4 localized package path(s) for 2 prioritized culture(s) in 0.023388 seconds
[2017.07.19-23.23.35:003][  0]LogUObjectArray: 34194 objects as part of root set at end of initial load.
[2017.07.19-23.23.35:003][  0]LogUObjectAllocator: 7260424 out of 0 bytes used by permanent object pool.
[2017.07.19-23.23.35:003][  0]LogUObjectArray: CloseDisregardForGC: 0/0 objects in disregard for GC pool
[2017.07.19-23.23.35:051][  0]LogInit: WinSock: version 1.1 (2.2), MaxSocks=32767, MaxUdp=65467
[2017.07.19-23.23.36:892][  0]LogTcpMessaging: Initializing TcpMessaging bridge
[2017.07.19-23.23.36:924][  0]LogUdpMessaging: Initializing bridge on interface 0.0.0.0:0 to multicast group 230.0.0.1:6666.
[2017.07.19-23.23.37:402][  0]LogMaterial: Uniform references updated for custom material expression Custom.
[2017.07.19-23.23.37:699][  0]SourceControl: Info Source control is disabled
[2017.07.19-23.23.37:725][  0]SourceControl: Info Source control is disabled
[2017.07.19-23.23.37:763][  0]SourceControl: Info Source control is disabled
[2017.07.19-23.23.37:799][  0]SourceControl: Info Source control is disabled
[2017.07.19-23.23.38:312][  0]LogAndroidPermission: UAndroidPermissionCallbackProxy::GetInstance
[2017.07.19-23.23.38:763][  0]LogEngine: Initializing Engine...
[2017.07.19-23.23.38:763][  0]LogHMD: Failed to initialize OpenVR with code 110
[2017.07.19-23.23.38:919][  0]LogStats: UGameplayTagsManager::ConstructGameplayTagTree: Construct from data asset -  0.000 s
[2017.07.19-23.23.38:919][  0]LogStats: UGameplayTagsManager::ConstructGameplayTagTree: GameplayTagTreeChangedEvent.Broadcast -  0.000 s
[2017.07.19-23.23.39:020][  0]LogAIModule: Creating AISystem for world Untitled
[2017.07.19-23.23.39:029][  0]LogInit: XAudio2 using 'Speakers (2- High Definition Audio Device)' : 2 channels at 48 kHz using 16 bits per sample (channel mask 0x3)
[2017.07.19-23.23.39:038][  0]LogInit: FAudioDevice initialized.
[2017.07.19-23.23.39:076][  0]LogDerivedDataCache: Saved boot cache 0.04s 90MB C:/Users/Adam/AppData/Local/UnrealEngine/4.16/DerivedDataCache/Boot.ddc.
[2017.07.19-23.23.39:088][  0]LogInit: Texture streaming: Enabled
[2017.07.19-23.23.39:162][  0]LogEngineSessionManager: EngineSessionManager initialized
[2017.07.19-23.23.39:328][  0]LogInit: Transaction tracking system initialized
[2017.07.19-23.23.39:567][  0]BlueprintLog: New page: Editor Load
[2017.07.19-23.23.40:281][  0]LocalizationService: Info Localization service is disabled
[2017.07.19-23.23.40:806][  0]LogConsoleResponse:Display: 
[2017.07.19-23.23.40:913][  0]LogCook:Display: Max memory allowance for cook 16384mb min free memory 0mb
[2017.07.19-23.23.40:913][  0]LogCook:Display: Mobile HDR setting 1
[2017.07.19-23.23.41:682][  0]LogFileCache: Scanning file cache for directory 'D:/src/Unreal/escape-room/EscapeRoom/Content/' took 0.01s
[2017.07.19-23.23.41:682][  0]SourceControl: Info Source control is disabled
[2017.07.19-23.23.41:682][  0]Cmd: MAP LOAD FILE="D:/src/Unreal/escape-room/EscapeRoom/Content/NewMap.umap" TEMPLATE=0 SHOWPROGRESS=1 FEATURELEVEL=3
[2017.07.19-23.23.41:683][  0]LightingResults: New page: Lighting Build
[2017.07.19-23.23.41:714][  0]MapCheck: New page: Map Check
[2017.07.19-23.23.41:714][  0]LightingResults: New page: Lighting Build
[2017.07.19-23.23.41:877][  0]LogAIModule: Creating AISystem for world NewMap
[2017.07.19-23.23.41:880][  0]LogEditorServer: Finished looking for orphan Actors (0.000 secs)
[2017.07.19-23.23.41:889][  0]Cmd: MAP CHECKDEP NOCLEARLOG
[2017.07.19-23.23.41:928][  0]MapCheck: Info Map check complete: 0 Error(s), 0 Warning(s), took 38.434ms to complete.
[2017.07.19-23.23.41:928][  0]LogFileHelpers: Loading map 'NewMap' took 0.245
[2017.07.19-23.23.42:050][  0]LogCollectionManager: Loaded 0 collections in 0.001122 seconds
[2017.07.19-23.23.42:121][  0]LogFileCache: Scanning file cache for directory 'D:/src/Unreal/escape-room/EscapeRoom/Saved/Collections/' took 0.01s
[2017.07.19-23.23.42:121][  0]LogFileCache: Scanning file cache for directory 'D:/src/Unreal/escape-room/EscapeRoom/Content/Developers/Adam/Collections/' took 0.01s
[2017.07.19-23.23.42:121][  0]LogFileCache: Scanning file cache for directory 'D:/src/Unreal/escape-room/EscapeRoom/Content/Collections/' took 0.01s
[2017.07.19-23.23.42:121][  0]LogCollectionManager: Rebuilt the GUID cache for 0 collections in 0.000001 seconds
[2017.07.19-23.23.42:130][  0]LogContentBrowser: Native class hierarchy populated in 0.0089 seconds. Added 2330 classes and 493 folders.
[2017.07.19-23.23.42:180][  0]LogContentBrowser: Native class hierarchy updated for 'WidgetCarousel' in 0.0009 seconds. Added 0 classes and 0 folders.
[2017.07.19-23.23.42:207][  0]LogContentBrowser: Native class hierarchy updated for 'AddContentDialog' in 0.0010 seconds. Added 0 classes and 0 folders.
[2017.07.19-23.23.42:252][  0]LogContentBrowser: Native class hierarchy updated for 'SceneOutliner' in 0.0010 seconds. Added 1 classes and 2 folders.
[2017.07.19-23.23.42:272][  0]LogCrashTracker: Crashtracker disabled due to settings.
[2017.07.19-23.23.42:276][  0]LogSlate: Took 0.000152 seconds to synchronously load lazily loaded font '../../../Engine/Content/Slate/Fonts/Roboto-Regular.ttf' (155K)
[2017.07.19-23.23.42:278][  0]LogSlate: Took 0.000173 seconds to synchronously load lazily loaded font '../../../Engine/Content/Slate/Fonts/Roboto-Bold.ttf' (160K)
[2017.07.19-23.23.42:284][  0]LogSlate: Took 0.000214 seconds to synchronously load lazily loaded font '../../../Engine/Content/Editor/Slate/Fonts/FontAwesome.ttf' (139K)
[2017.07.19-23.23.42:349][  0]LogRenderer: Reallocating scene render targets to support 844x404 NumSamples 1 (Frame:1).
[2017.07.19-23.23.42:463][  0]LogUObjectGlobals:Warning: Failed to find object 'Class None.'
[2017.07.19-23.23.42:518][  0]LogContentBrowser: Native class hierarchy updated for 'HierarchicalLODOutliner' in 0.0011 seconds. Added 1 classes and 2 folders.
[2017.07.19-23.23.42:518][  0]LogLoad: (Engine Initialization) Total time: 13.97 seconds
[2017.07.19-23.23.42:518][  0]LogLoad: (Engine Initialization) Total Blueprint compile time: 0.07 seconds
[2017.07.19-23.23.42:518][  0]LogExternalProfiler: No external profilers were discovered.  External profiling features will not be available.
[2017.07.19-23.23.42:528][  0]LogWindowsTextInputMethodSystem:Display: IME system now deactivated.
[2017.07.19-23.23.42:528][  0]LogOcInput: OculusInput pre-init called
[2017.07.19-23.23.42:528][  0]LogHMD: Starting GearVRController plugin
[2017.07.19-23.23.42:540][  0]LogAssetRegistry: Asset discovery search completed in 7.6039 seconds
[2017.07.19-23.23.42:542][  0]LogCollectionManager: Rebuilt the object cache for 0 collections in 0.000000 seconds (found 0 objects)
[2017.07.19-23.23.42:542][  0]LogCollectionManager: Fixed up redirectors for 0 collections in 0.000020 seconds (updated 0 objects)
[2017.07.19-23.23.42:549][  0]LogContentStreaming: Texture pool size now 1000 MB
[2017.07.19-23.25.04:325][753]LogSlate: Took 0.000156 seconds to synchronously load lazily loaded font '../../../Engine/Content/Slate/Fonts/Roboto-Light.ttf' (159K)
[2017.07.19-23.25.17:062][ 52]LogRenderer: Reallocating scene render targets to support 996x476 NumSamples 1 (Frame:9284).
[2017.07.19-23.25.17:101][ 53]LogRenderer: Reallocating scene render targets to support 1428x684 NumSamples 1 (Frame:9286).
[2017.07.19-23.25.17:157][ 54]LogRenderer: Reallocating scene render targets to support 1668x800 NumSamples 1 (Frame:9289).
[2017.07.19-23.25.17:242][ 55]LogRenderer: Reallocating scene render targets to support 1688x808 NumSamples 1 (Frame:9292).
[2017.07.19-23.25.21:178][522]LogEditorViewport: Clicking on Actor (LMB): StaticMeshActor (SM_Chair)
[2017.07.19-23.25.42:063][457]LogSlate: Took 0.004014 seconds to synchronously load lazily loaded font '../../../Engine/Content/Editor/Slate/Fonts/Roboto-Italic.ttf' (157K)
[2017.07.19-23.26.24:706][ 83]LogSlate: Took 0.003911 seconds to synchronously load lazily loaded font '../../../Engine/Content/Editor/Slate/Fonts/Roboto-BoldCondensed.ttf' (158K)
[2017.07.19-23.26.43:349][ 83]Running C:/Program Files/Epic Games/UE_4.16/Engine/Binaries/DotNET/UnrealBuildTool.exe  -projectfiles -project="D:/src/Unreal/escape-room/EscapeRoom/EscapeRoom.uproject" -game -rocket -progress
[2017.07.19-23.26.43:551][ 83]Discovering modules, targets and source code for project...
[2017.07.19-23.26.45:656][ 83]LogSlate: Took 0.000169 seconds to synchronously load lazily loaded font '../../../Engine/Content/Slate/Fonts/Roboto-Regular.ttf' (155K)
[2017.07.19-23.26.46:275][ 83]LogVSAccessor:Warning: Couldn't access Visual Studio
[2017.07.19-23.26.46:293][ 83]Candidate modules for hot reload:
[2017.07.19-23.26.46:293][ 83]  EscapeRoom
[2017.07.19-23.26.46:293][ 83]Launching UnrealBuildTool... [C:/Program Files/Epic Games/UE_4.16/Engine/Binaries/DotNET/UnrealBuildTool.exe EscapeRoom -ModuleWithSuffix EscapeRoom 3558 Win64 Development -editorrecompile -canskiplink "D:/src/Unreal/escape-room/EscapeRoom/EscapeRoom.uproject" ]
[2017.07.19-23.26.53:345][ 83]CompilerResultsLog: New page: Compilation - Jul 19, 2017, 5:26:53 PM
[2017.07.19-23.26.53:345][ 83]CompilerResultsLog: Info Performing full C++ include scan (hot reloading a new target)
[2017.07.19-23.26.53:345][ 83]CompilerResultsLog: Info Compiling game modules for hot reload
[2017.07.19-23.26.53:345][ 83]CompilerResultsLog: Info Parsing headers for EscapeRoomEditor
[2017.07.19-23.26.53:345][ 83]CompilerResultsLog: Info   Running UnrealHeaderTool "D:\src\Unreal\escape-room\EscapeRoom\EscapeRoom.uproject" "D:\src\Unreal\escape-room\EscapeRoom\Intermediate\Build\Win64\EscapeRoomEditor\Development\EscapeRoomEditor.uhtmanifest" -LogCmds="loginit warning, logexit warning, logdatabase error" -Unattended -WarningsAsErrors -installed
[2017.07.19-23.26.53:345][ 83]CompilerResultsLog: Info Reflection code generated for EscapeRoomEditor in 2.6905002 seconds
[2017.07.19-23.26.53:345][ 83]CompilerResultsLog: Info Performing 4 actions (4 in parallel)
[2017.07.19-23.26.53:345][ 83]CompilerResultsLog: Info PositionReport.cpp
[2017.07.19-23.26.53:345][ 83]CompilerResultsLog: Info EscapeRoom.generated.cpp
[2017.07.19-23.26.53:345][ 83]CompilerResultsLog: Info [3/4] Link UE4Editor-EscapeRoom-3558.dll
[2017.07.19-23.26.53:345][ 83]CompilerResultsLog: Info [4/4] Link UE4Editor-EscapeRoom-3558.lib
[2017.07.19-23.26.53:345][ 83]CompilerResultsLog: Info    Creating library D:\src\Unreal\escape-room\EscapeRoom\Intermediate\Build\Win64\UE4Editor\Development\UE4Editor-EscapeRoom-3558.lib and object D:\src\Unreal\escape-room\EscapeRoom\Intermediate\Build\Win64\UE4Editor\Development\UE4Editor-EscapeRoom-3558.exp
[2017.07.19-23.26.53:345][ 83]CompilerResultsLog: Info    Creating library D:\src\Unreal\escape-room\EscapeRoom\Intermediate\Build\Win64\UE4Editor\Development\UE4Editor-EscapeRoom-3558.suppressed.lib and object D:\src\Unreal\escape-room\EscapeRoom\Intermediate\Build\Win64\UE4Editor\Development\UE4Editor-EscapeRoom-3558.suppressed.exp
[2017.07.19-23.26.53:345][ 83]CompilerResultsLog: Info Total build time: 6.88 seconds (Local executor: 2.11 seconds)
[2017.07.19-23.26.53:345][ 83]LogMainFrame: MainFrame: Module compiling took 7.070 seconds
[2017.07.19-23.26.53:396][ 83]LogClass: Could not find existing class PositionReport in package /Script/EscapeRoom for HotReload, assuming new class
[2017.07.19-23.26.53:398][ 83]LogContentBrowser: Native class hierarchy updated for 'EscapeRoom' in 0.0011 seconds. Added 2 classes and 2 folders.
[2017.07.19-23.26.53:399][ 83]Display: HotReload successful (0 functions remapped  0 scriptstructs remapped)
[2017.07.19-23.26.53:458][ 83]LogContentBrowser: Native class hierarchy populated in 0.0084 seconds. Added 2333 classes and 497 folders.
[2017.07.19-23.26.53:458][ 83]Display: HotReload took  7.2s.
[2017.07.19-23.26.53:459][ 83]Warning: HotReload operation took  7.2s.
[2017.07.19-23.26.53:481][ 83]LogWindows:Warning: CreateProc failed (740) C:/Program Files (x86)/Microsoft Visual Studio/2017/Community/Common7/IDE/devenv.exe "D:/src/Unreal/escape-room/EscapeRoom/EscapeRoom.sln"
[2017.07.19-23.26.53:481][ 83]LogVSAccessor:Warning: Couldn't access Visual Studio
[2017.07.19-23.26.53:484][ 83]LogVSAccessor:Warning: Couldn't access module table
[2017.07.19-23.26.53:484][ 83]LogVSAccessor:Warning: Couldn't access module table
[2017.07.19-23.26.53:484][ 83]LogVSAccessor:Warning: Couldn't access module table
[2017.07.19-23.26.53:484][ 83]LogVSAccessor:Warning: Couldn't access module table
[2017.07.19-23.26.53:484][ 83]LogVSAccessor:Warning: Couldn't access module table
[2017.07.19-23.26.53:484][ 83]LogVSAccessor:Warning: Couldn't access module table
[2017.07.19-23.26.53:484][ 83]LogVSAccessor:Warning: Couldn't access module table
[2017.07.19-23.26.53:484][ 83]LogVSAccessor:Warning: Couldn't access module table
[2017.07.19-23.26.53:484][ 83]LogVSAccessor:Warning: Couldn't access module table
[2017.07.19-23.26.53:484][ 83]LogVSAccessor:Warning: Couldn't access module table
[2017.07.19-23.26.53:484][ 83]LogVSAccessor:Warning: Couldn't access module table
[2017.07.19-23.26.53:484][ 83]LogVSAccessor:Warning: Couldn't access module table
[2017.07.19-23.26.53:484][ 83]LogVSAccessor:Warning: Couldn't access module table
[2017.07.19-23.26.53:484][ 83]LogVSAccessor:Warning: Couldn't access module table
[2017.07.19-23.26.53:484][ 83]LogVSAccessor:Warning: Couldn't access module table
[2017.07.19-23.26.53:484][ 83]LogVSAccessor:Warning: Couldn't access module table
[2017.07.19-23.26.53:484][ 83]LogVSAccessor:Warning: Couldn't access module table
[2017.07.19-23.26.53:484][ 83]LogVSAccessor:Warning: Couldn't access module table
[2017.07.19-23.26.53:484][ 83]LogVSAccessor:Warning: Couldn't access module table
[2017.07.19-23.26.53:484][ 83]LogVSAccessor:Warning: Couldn't access module table
[2017.07.19-23.26.53:484][ 83]LogVSAccessor:Warning: Couldn't access module table
[2017.07.19-23.26.53:484][ 83]LogVSAccessor:Warning: Couldn't access module table
[2017.07.19-23.26.53:484][ 83]LogVSAccessor:Warning: Couldn't access module table
[2017.07.19-23.26.53:484][ 83]LogVSAccessor:Warning: Couldn't access module table
[2017.07.19-23.26.53:484][ 83]LogVSAccessor:Warning: Couldn't access module table
[2017.07.19-23.26.53:485][ 83]LogVSAccessor:Warning: Couldn't access module table
[2017.07.19-23.26.53:485][ 83]LogVSAccessor:Warning: Couldn't access module table
[2017.07.19-23.26.53:485][ 83]LogVSAccessor:Warning: Couldn't access module table
[2017.07.19-23.26.53:485][ 83]LogVSAccessor:Warning: Couldn't access module table
[2017.07.19-23.26.53:485][ 83]LogVSAccessor:Warning: Couldn't access module table
[2017.07.19-23.26.53:485][ 83]LogVSAccessor:Warning: Couldn't access module table
[2017.07.19-23.26.53:485][ 83]LogVSAccessor:Warning: Couldn't access module table
[2017.07.19-23.26.53:485][ 83]LogVSAccessor:Warning: Couldn't access module table
[2017.07.19-23.26.53:485][ 83]LogVSAccessor:Warning: Couldn't access module table
[2017.07.19-23.26.53:485][ 83]LogVSAccessor:Warning: Couldn't access module table
[2017.07.19-23.26.53:485][ 83]LogVSAccessor:Warning: Couldn't access module table
[2017.07.19-23.26.53:485][ 83]LogVSAccessor:Warning: Couldn't access module table
[2017.07.19-23.26.53:485][ 83]LogVSAccessor:Warning: Couldn't access module table
[2017.07.19-23.26.53:485][ 83]LogVSAccessor:Warning: Couldn't access module table
[2017.07.19-23.26.53:485][ 83]LogVSAccessor:Warning: Couldn't access module table
[2017.07.19-23.26.53:485][ 83]LogVSAccessor:Warning: Couldn't access module table
[2017.07.19-23.26.53:485][ 83]LogVSAccessor:Warning: Couldn't access module table
[2017.07.19-23.26.53:485][ 83]LogVSAccessor:Warning: Couldn't access module table
[2017.07.19-23.26.53:485][ 83]LogVSAccessor:Warning: Couldn't access module table
[2017.07.19-23.26.53:485][ 83]LogVSAccessor:Warning: Couldn't access module table
[2017.07.19-23.26.53:485][ 83]LogVSAccessor:Warning: Couldn't access module table
[2017.07.19-23.26.53:485][ 83]LogVSAccessor:Warning: Couldn't access module table
[2017.07.19-23.26.53:485][ 83]LogVSAccessor:Warning: Couldn't access module table
[2017.07.19-23.26.53:485][ 83]LogVSAccessor:Warning: Couldn't access module table
[2017.07.19-23.26.53:485][ 83]LogVSAccessor:Warning: Couldn't access module table
[2017.07.19-23.26.53:485][ 83]LogVSAccessor:Warning: Couldn't access module table
[2017.07.19-23.26.53:485][ 83]LogVSAccessor:Warning: Couldn't access module table
[2017.07.19-23.26.53:485][ 83]LogVSAccessor:Warning: Couldn't access module table
[2017.07.19-23.26.53:485][ 83]LogVSAccessor:Warning: Couldn't access module table
[2017.07.19-23.26.53:485][ 83]LogVSAccessor:Warning: Couldn't access module table
[2017.07.19-23.26.53:485][ 83]LogVSAccessor:Warning: Couldn't access module table
[2017.07.19-23.26.53:485][ 83]LogVSAccessor:Warning: Couldn't access module table
[2017.07.19-23.26.53:486][ 83]LogVSAccessor:Warning: Couldn't access module table
[2017.07.19-23.26.53:486][ 83]LogVSAccessor:Warning: Couldn't access module table
[2017.07.19-23.26.53:486][ 83]LogVSAccessor:Warning: Couldn't access module table
[2017.07.19-23.26.53:486][ 83]LogVSAccessor:Warning: Couldn't access module table
[2017.07.19-23.26.53:486][ 83]LogVSAccessor:Warning: Couldn't access module table
[2017.07.19-23.26.53:486][ 83]LogVSAccessor:Warning: Couldn't access module table
[2017.07.19-23.26.53:486][ 83]LogVSAccessor:Warning: Couldn't access module table
[2017.07.19-23.26.53:486][ 83]LogVSAccessor:Warning: Couldn't access module table
[2017.07.19-23.26.53:486][ 83]LogVSAccessor:Warning: Couldn't access module table
[2017.07.19-23.26.53:486][ 83]LogVSAccessor:Warning: Couldn't access module table
[2017.07.19-23.26.53:486][ 83]LogVSAccessor:Warning: Couldn't access module table
[2017.07.19-23.26.53:486][ 83]LogVSAccessor:Warning: Couldn't access module table
[2017.07.19-23.26.53:486][ 83]LogVSAccessor:Warning: Couldn't access module table
[2017.07.19-23.26.53:486][ 83]LogVSAccessor:Warning: Couldn't access module table
[2017.07.19-23.26.53:486][ 83]LogVSAccessor:Warning: Couldn't access module table
[2017.07.19-23.26.53:486][ 83]LogVSAccessor:Warning: Couldn't access module table
[2017.07.19-23.26.53:486][ 83]LogVSAccessor:Warning: Couldn't access module table
[2017.07.19-23.26.53:486][ 83]LogVSAccessor:Warning: Couldn't access module table
[2017.07.19-23.26.53:486][ 83]LogVSAccessor:Warning: Couldn't access module table
[2017.07.19-23.26.53:486][ 83]LogVSAccessor:Warning: Couldn't access module table
[2017.07.19-23.26.53:486][ 83]LogVSAccessor:Warning: Couldn't access module table
[2017.07.19-23.26.53:486][ 83]LogVSAccessor:Warning: Couldn't access module table
[2017.07.19-23.26.53:486][ 83]LogVSAccessor:Warning: Couldn't access module table
[2017.07.19-23.26.53:486][ 83]LogVSAccessor:Warning: Couldn't access module table
[2017.07.19-23.26.53:486][ 83]LogVSAccessor:Warning: Couldn't access module table
[2017.07.19-23.26.53:486][ 83]LogVSAccessor:Warning: Couldn't access module table
[2017.07.19-23.26.53:486][ 83]LogVSAccessor:Warning: Couldn't access module table
[2017.07.19-23.26.53:486][ 83]LogVSAccessor:Warning: Couldn't access module table
[2017.07.19-23.26.53:486][ 83]LogVSAccessor:Warning: Couldn't access module table
[2017.07.19-23.26.53:487][ 83]LogVSAccessor:Warning: Couldn't access module table
[2017.07.19-23.26.53:487][ 83]LogVSAccessor:Warning: Couldn't access module table
[2017.07.19-23.26.53:487][ 83]LogVSAccessor:Warning: Couldn't access module table
[2017.07.19-23.26.53:488][ 83]LogVSAccessor:Warning: Couldn't access module table
[2017.07.19-23.26.53:497][ 83]LogVSAccessor:Warning: Couldn't access module table
[2017.07.19-23.26.53:497][ 83]LogVSAccessor:Warning: Couldn't access module table
[2017.07.19-23.26.53:507][ 83]LogVSAccessor:Warning: Couldn't access module table
[2017.07.19-23.26.53:512][ 83]LogVSAccessor:Warning: Couldn't access module table
[2017.07.19-23.26.53:522][ 83]LogVSAccessor:Warning: Couldn't access module table
[2017.07.19-23.26.53:522][ 83]LogVSAccessor:Warning: Couldn't access module table
[2017.07.19-23.26.53:522][ 83]LogVSAccessor:Warning: Couldn't access module table
[2017.07.19-23.26.53:522][ 83]LogVSAccessor:Warning: Couldn't access module table
[2017.07.19-23.26.53:522][ 83]LogVSAccessor:Warning: Couldn't access module table
[2017.07.19-23.26.53:529][ 83]LogVSAccessor:Warning: Couldn't access module table
[2017.07.19-23.26.53:529][ 83]LogVSAccessor:Warning: Couldn't access module table
[2017.07.19-23.26.53:529][ 83]LogVSAccessor:Warning: Couldn't access module table
[2017.07.19-23.26.53:532][ 83]LogVSAccessor:Warning: Couldn't access module table
[2017.07.19-23.26.53:532][ 83]LogVSAccessor:Warning: Couldn't access module table
[2017.07.19-23.26.53:533][ 83]LogVSAccessor:Warning: Couldn't access module table
[2017.07.19-23.26.53:592][ 85]LogHotReload: New module detected: UE4Editor-EscapeRoom-3558.dll
[2017.07.19-23.26.53:603][ 86]LogHotReload: Starting Hot-Reload from IDE
[2017.07.19-23.26.53:667][ 86]LogContentBrowser: Native class hierarchy updated for 'EscapeRoom' in 0.0011 seconds. Added 2 classes and 2 folders.
[2017.07.19-23.26.53:668][ 86]Display: HotReload successful (0 functions remapped  0 scriptstructs remapped)
[2017.07.19-23.26.53:678][ 86]LogContentBrowser: Native class hierarchy populated in 0.0084 seconds. Added 2333 classes and 497 folders.
[2017.07.19-23.26.53:685][ 86]Display: HotReload took  0.1s.
[2017.07.19-23.30.22:016][762]LogSlate: Only BGRA pngs, bmps or icos are supported in by External Image Picker
[2017.07.19-23.30.22:152][771]LogTemp: Executing iPhonePackager certificates Engine -bundlename com.YourCompany.EscapeRoom
[2017.07.19-23.30.22:152][771]LogTemp: CWD: C:\Program Files\Epic Games\UE_4.16\Engine\Binaries\DotNET\IOS
[2017.07.19-23.30.22:152][771]LogTemp: Initial Dir: C:\Program Files\Epic Games\UE_4.16
[2017.07.19-23.30.22:152][771]LogTemp: Env CWD: C:\Program Files\Epic Games\UE_4.16\Engine\Binaries\DotNET\IOS
[2017.07.19-23.30.22:152][771]LogTemp: BranchPath = ADAM-PC/C/Program Files/Epic Games/UE_4.16/Engine/Binaries --- GameBranchPath = ADAM-PC/C/Program Files/Epic Games/UE_4.16/Engine/Binaries
[2017.07.19-23.30.22:159][772]LogTemp: IPP ERROR: Could not find provision directory 'C:\Users\Adam\AppData\Local/Apple Computer/MobileDevice/Provisioning Profiles/'.
[2017.07.19-23.33.02:175][557]Cmd: OBJ SAVEPACKAGE PACKAGE="/Game/NewMap" FILE="D:/src/Unreal/escape-room/EscapeRoom/Content/NewMap.umap" SILENT=true AUTOSAVING=false KEEPDIRTY=false
[2017.07.19-23.33.02:240][557]LogSavePackage: Save=45.21ms
[2017.07.19-23.33.02:240][557]LogSavePackage: Moving 'D:/src/Unreal/escape-room/EscapeRoom/Saved/NewMap06C2262E4E4F043FFFA145B815ADF5D5.tmp' to 'D:/src/Unreal/escape-room/EscapeRoom/Content/NewMap.umap'
[2017.07.19-23.33.02:244][557]LogSavePackage:Display: Finished SavePackage D:/src/Unreal/escape-room/EscapeRoom/Content/NewMap.umap
[2017.07.19-23.33.02:263][557]LogFileHelpers: Saving map 'NewMap' took 0.128
